[debug] [2023-06-28T15:18:49.567Z] ----------------------------------------------------------------------
[debug] [2023-06-28T15:18:49.568Z] Command:       C:\Program Files\nodejs\node.exe C:\Users\jeja8\AppData\Roaming\npm\node_modules\firebase-tools\lib\bin\firebase.js init
[debug] [2023-06-28T15:18:49.569Z] CLI Version:   12.4.1
[debug] [2023-06-28T15:18:49.569Z] Platform:      win32
[debug] [2023-06-28T15:18:49.569Z] Node Version:  v16.13.2
[debug] [2023-06-28T15:18:49.570Z] Time:          Wed Jun 28 2023 20:48:49 GMT+0530 (India Standard Time)
[debug] [2023-06-28T15:18:49.570Z] ----------------------------------------------------------------------
[debug] 
[debug] [2023-06-28T15:18:49.646Z] > command requires scopes: ["email","openid","https://www.googleapis.com/auth/cloudplatformprojects.readonly","https://www.googleapis.com/auth/firebase","https://www.googleapis.com/auth/cloud-platform"]
[debug] [2023-06-28T15:18:49.646Z] > authorizing via signed-in user (jeja8710@gmail.com)
[info] 
     ######## #### ########  ######## ########     ###     ######  ########
     ##        ##  ##     ## ##       ##     ##  ##   ##  ##       ##
     ######    ##  ########  ######   ########  #########  ######  ######
     ##        ##  ##    ##  ##       ##     ## ##     ##       ## ##
     ##       #### ##     ## ######## ########  ##     ##  ######  ########

You're about to initialize a Firebase project in this directory:

  C:\Users\jeja8\OneDrive\Desktop\Assignments\day11

Before we get started, keep in mind:

  * You are initializing within an existing Firebase project directory

[info] 
=== Project Setup
[info] 
[info] First, let's associate this project directory with a Firebase project.
[info] You can create multiple project aliases by running firebase use --add, 
[info] but for now we'll just set up a default project.
[info] 
[debug] [2023-06-28T15:19:07.454Z] Using project from CLI flag: react-app-f1e7f
[debug] [2023-06-28T15:19:07.456Z] > refreshing access token with scopes: []
[debug] [2023-06-28T15:19:07.459Z] >>> [apiv2][query] POST https://www.googleapis.com/oauth2/v3/token [none]
[debug] [2023-06-28T15:19:07.460Z] >>> [apiv2][body] POST https://www.googleapis.com/oauth2/v3/token [omitted]
[debug] [2023-06-28T15:19:09.255Z] <<< [apiv2][status] POST https://www.googleapis.com/oauth2/v3/token 400
[debug] [2023-06-28T15:19:09.255Z] <<< [apiv2][body] POST https://www.googleapis.com/oauth2/v3/token [omitted]
[debug] [2023-06-28T15:19:09.256Z] >>> [apiv2][query] GET https://firebase.googleapis.com/v1beta1/projects/react-app-f1e7f [none]
[debug] [2023-06-28T15:19:11.148Z] <<< [apiv2][status] GET https://firebase.googleapis.com/v1beta1/projects/react-app-f1e7f 401
[debug] [2023-06-28T15:19:11.148Z] <<< [apiv2][body] GET https://firebase.googleapis.com/v1beta1/projects/react-app-f1e7f {"error":{"code":401,"message":"Request had invalid authentication credentials. Expected OAuth 2 access token, login cookie or other valid authentication credential. See https://developers.google.com/identity/sign-in/web/devconsole-project.","status":"UNAUTHENTICATED"}}
[debug] [2023-06-28T15:19:11.149Z] HTTP Error: 401, Request had invalid authentication credentials. Expected OAuth 2 access token, login cookie or other valid authentication credential. See https://developers.google.com/identity/sign-in/web/devconsole-project.
[debug] [2023-06-28T15:19:13.009Z] FirebaseError: HTTP Error: 401, Request had invalid authentication credentials. Expected OAuth 2 access token, login cookie or other valid authentication credential. See https://developers.google.com/identity/sign-in/web/devconsole-project.
    at responseToError (C:\Users\jeja8\AppData\Roaming\npm\node_modules\firebase-tools\lib\responseToError.js:49:12)
    at RetryOperation._fn (C:\Users\jeja8\AppData\Roaming\npm\node_modules\firebase-tools\lib\apiv2.js:288:77)
    at processTicksAndRejections (node:internal/process/task_queues:96:5)
[error] 
[error] Error: Failed to get Firebase project react-app-f1e7f. Please make sure the project exists and your account has permission to access it.
[debug] [2023-06-28T15:19:21.363Z] ----------------------------------------------------------------------
[debug] [2023-06-28T15:19:21.365Z] Command:       C:\Program Files\nodejs\node.exe C:\Users\jeja8\AppData\Roaming\npm\node_modules\firebase-tools\lib\bin\firebase.js init
[debug] [2023-06-28T15:19:21.365Z] CLI Version:   12.4.1
[debug] [2023-06-28T15:19:21.365Z] Platform:      win32
[debug] [2023-06-28T15:19:21.366Z] Node Version:  v16.13.2
[debug] [2023-06-28T15:19:21.366Z] Time:          Wed Jun 28 2023 20:49:21 GMT+0530 (India Standard Time)
[debug] [2023-06-28T15:19:21.367Z] ----------------------------------------------------------------------
[debug] 
[debug] [2023-06-28T15:19:21.442Z] > command requires scopes: ["email","openid","https://www.googleapis.com/auth/cloudplatformprojects.readonly","https://www.googleapis.com/auth/firebase","https://www.googleapis.com/auth/cloud-platform"]
[debug] [2023-06-28T15:19:21.442Z] > authorizing via signed-in user (jeja8710@gmail.com)
[info] 
     ######## #### ########  ######## ########     ###     ######  ########
     ##        ##  ##     ## ##       ##     ##  ##   ##  ##       ##
     ######    ##  ########  ######   ########  #########  ######  ######
     ##        ##  ##    ##  ##       ##     ## ##     ##       ## ##
     ##       #### ##     ## ######## ########  ##     ##  ######  ########

You're about to initialize a Firebase project in this directory:

  C:\Users\jeja8\OneDrive\Desktop\Assignments\day11

Before we get started, keep in mind:

  * You are initializing within an existing Firebase project directory

[info] 
=== Project Setup
[info] 
[info] First, let's associate this project directory with a Firebase project.
[info] You can create multiple project aliases by running firebase use --add, 
[info] but for now we'll just set up a default project.
[info] 
[debug] [2023-06-28T15:19:59.924Z] Using project from CLI flag: react-app-f1e7f
[debug] [2023-06-28T15:19:59.925Z] > refreshing access token with scopes: []
[debug] [2023-06-28T15:19:59.928Z] >>> [apiv2][query] POST https://www.googleapis.com/oauth2/v3/token [none]
[debug] [2023-06-28T15:19:59.928Z] >>> [apiv2][body] POST https://www.googleapis.com/oauth2/v3/token [omitted]
[debug] [2023-06-28T15:20:00.642Z] <<< [apiv2][status] POST https://www.googleapis.com/oauth2/v3/token 400
[debug] [2023-06-28T15:20:00.642Z] <<< [apiv2][body] POST https://www.googleapis.com/oauth2/v3/token [omitted]
[debug] [2023-06-28T15:20:00.643Z] >>> [apiv2][query] GET https://firebase.googleapis.com/v1beta1/projects/react-app-f1e7f [none]
[debug] [2023-06-28T15:20:01.427Z] <<< [apiv2][status] GET https://firebase.googleapis.com/v1beta1/projects/react-app-f1e7f 401
[debug] [2023-06-28T15:20:01.427Z] <<< [apiv2][body] GET https://firebase.googleapis.com/v1beta1/projects/react-app-f1e7f {"error":{"code":401,"message":"Request had invalid authentication credentials. Expected OAuth 2 access token, login cookie or other valid authentication credential. See https://developers.google.com/identity/sign-in/web/devconsole-project.","status":"UNAUTHENTICATED"}}
[debug] [2023-06-28T15:20:01.428Z] HTTP Error: 401, Request had invalid authentication credentials. Expected OAuth 2 access token, login cookie or other valid authentication credential. See https://developers.google.com/identity/sign-in/web/devconsole-project.
[debug] [2023-06-28T15:20:01.786Z] FirebaseError: HTTP Error: 401, Request had invalid authentication credentials. Expected OAuth 2 access token, login cookie or other valid authentication credential. See https://developers.google.com/identity/sign-in/web/devconsole-project.
    at responseToError (C:\Users\jeja8\AppData\Roaming\npm\node_modules\firebase-tools\lib\responseToError.js:49:12)
    at RetryOperation._fn (C:\Users\jeja8\AppData\Roaming\npm\node_modules\firebase-tools\lib\apiv2.js:288:77)
    at processTicksAndRejections (node:internal/process/task_queues:96:5)
[error] 
[error] Error: Failed to get Firebase project react-app-f1e7f. Please make sure the project exists and your account has permission to access it.
[debug] [2023-06-28T15:20:30.949Z] ----------------------------------------------------------------------
[debug] [2023-06-28T15:20:30.952Z] Command:       C:\Program Files\nodejs\node.exe C:\Users\jeja8\AppData\Roaming\npm\node_modules\firebase-tools\lib\bin\firebase.js init
[debug] [2023-06-28T15:20:30.952Z] CLI Version:   12.4.1
[debug] [2023-06-28T15:20:30.953Z] Platform:      win32
[debug] [2023-06-28T15:20:30.953Z] Node Version:  v16.13.2
[debug] [2023-06-28T15:20:30.954Z] Time:          Wed Jun 28 2023 20:50:30 GMT+0530 (India Standard Time)
[debug] [2023-06-28T15:20:30.954Z] ----------------------------------------------------------------------
[debug] 
[debug] [2023-06-28T15:20:31.028Z] > command requires scopes: ["email","openid","https://www.googleapis.com/auth/cloudplatformprojects.readonly","https://www.googleapis.com/auth/firebase","https://www.googleapis.com/auth/cloud-platform"]
[debug] [2023-06-28T15:20:31.028Z] > authorizing via signed-in user (jeja8710@gmail.com)
[info] 
     ######## #### ########  ######## ########     ###     ######  ########
     ##        ##  ##     ## ##       ##     ##  ##   ##  ##       ##
     ######    ##  ########  ######   ########  #########  ######  ######
     ##        ##  ##    ##  ##       ##     ## ##     ##       ## ##
     ##       #### ##     ## ######## ########  ##     ##  ######  ########

You're about to initialize a Firebase project in this directory:

  C:\Users\jeja8\OneDrive\Desktop\Assignments\day11

Before we get started, keep in mind:

  * You are initializing within an existing Firebase project directory

[info] 
=== Project Setup
[info] 
[info] First, let's associate this project directory with a Firebase project.
[info] You can create multiple project aliases by running firebase use --add, 
[info] but for now we'll just set up a default project.
[info] 
[debug] [2023-06-28T15:20:42.184Z] Using project from CLI flag: react-app-f1e7f
[debug] [2023-06-28T15:20:42.186Z] > refreshing access token with scopes: []
[debug] [2023-06-28T15:20:42.187Z] >>> [apiv2][query] POST https://www.googleapis.com/oauth2/v3/token [none]
[debug] [2023-06-28T15:20:42.188Z] >>> [apiv2][body] POST https://www.googleapis.com/oauth2/v3/token [omitted]
[debug] [2023-06-28T15:20:42.611Z] <<< [apiv2][status] POST https://www.googleapis.com/oauth2/v3/token 400
[debug] [2023-06-28T15:20:42.611Z] <<< [apiv2][body] POST https://www.googleapis.com/oauth2/v3/token [omitted]
[debug] [2023-06-28T15:20:42.611Z] >>> [apiv2][query] GET https://firebase.googleapis.com/v1beta1/projects/react-app-f1e7f [none]
[debug] [2023-06-28T15:20:43.035Z] <<< [apiv2][status] GET https://firebase.googleapis.com/v1beta1/projects/react-app-f1e7f 401
[debug] [2023-06-28T15:20:43.035Z] <<< [apiv2][body] GET https://firebase.googleapis.com/v1beta1/projects/react-app-f1e7f {"error":{"code":401,"message":"Request had invalid authentication credentials. Expected OAuth 2 access token, login cookie or other valid authentication credential. See https://developers.google.com/identity/sign-in/web/devconsole-project.","status":"UNAUTHENTICATED"}}
[debug] [2023-06-28T15:20:43.036Z] HTTP Error: 401, Request had invalid authentication credentials. Expected OAuth 2 access token, login cookie or other valid authentication credential. See https://developers.google.com/identity/sign-in/web/devconsole-project.
[debug] [2023-06-28T15:20:43.506Z] FirebaseError: HTTP Error: 401, Request had invalid authentication credentials. Expected OAuth 2 access token, login cookie or other valid authentication credential. See https://developers.google.com/identity/sign-in/web/devconsole-project.
    at responseToError (C:\Users\jeja8\AppData\Roaming\npm\node_modules\firebase-tools\lib\responseToError.js:49:12)
    at RetryOperation._fn (C:\Users\jeja8\AppData\Roaming\npm\node_modules\firebase-tools\lib\apiv2.js:288:77)
    at processTicksAndRejections (node:internal/process/task_queues:96:5)
[error] 
[error] Error: Failed to get Firebase project react-app-f1e7f. Please make sure the project exists and your account has permission to access it.
[debug] [2023-06-28T15:21:01.181Z] ----------------------------------------------------------------------
[debug] [2023-06-28T15:21:01.182Z] Command:       C:\Program Files\nodejs\node.exe C:\Users\jeja8\AppData\Roaming\npm\node_modules\firebase-tools\lib\bin\firebase.js init
[debug] [2023-06-28T15:21:01.183Z] CLI Version:   12.4.1
[debug] [2023-06-28T15:21:01.183Z] Platform:      win32
[debug] [2023-06-28T15:21:01.183Z] Node Version:  v16.13.2
[debug] [2023-06-28T15:21:01.184Z] Time:          Wed Jun 28 2023 20:51:01 GMT+0530 (India Standard Time)
[debug] [2023-06-28T15:21:01.184Z] ----------------------------------------------------------------------
[debug] 
[debug] [2023-06-28T15:21:01.260Z] > command requires scopes: ["email","openid","https://www.googleapis.com/auth/cloudplatformprojects.readonly","https://www.googleapis.com/auth/firebase","https://www.googleapis.com/auth/cloud-platform"]
[debug] [2023-06-28T15:21:01.261Z] > authorizing via signed-in user (jeja8710@gmail.com)
[info] 
     ######## #### ########  ######## ########     ###     ######  ########
     ##        ##  ##     ## ##       ##     ##  ##   ##  ##       ##
     ######    ##  ########  ######   ########  #########  ######  ######
     ##        ##  ##    ##  ##       ##     ## ##     ##       ## ##
     ##       #### ##     ## ######## ########  ##     ##  ######  ########

You're about to initialize a Firebase project in this directory:

  C:\Users\jeja8\OneDrive\Desktop\Assignments\day11

Before we get started, keep in mind:

  * You are initializing within an existing Firebase project directory

[info] 
=== Project Setup
[info] 
[info] First, let's associate this project directory with a Firebase project.
[info] You can create multiple project aliases by running firebase use --add, 
[info] but for now we'll just set up a default project.
[info] 
[debug] [2023-06-28T15:21:09.160Z] Using project from CLI flag: react-app-f1e7f
[debug] [2023-06-28T15:21:09.161Z] > refreshing access token with scopes: []
[debug] [2023-06-28T15:21:09.163Z] >>> [apiv2][query] POST https://www.googleapis.com/oauth2/v3/token [none]
[debug] [2023-06-28T15:21:09.163Z] >>> [apiv2][body] POST https://www.googleapis.com/oauth2/v3/token [omitted]
[debug] [2023-06-28T15:21:09.664Z] <<< [apiv2][status] POST https://www.googleapis.com/oauth2/v3/token 400
[debug] [2023-06-28T15:21:09.664Z] <<< [apiv2][body] POST https://www.googleapis.com/oauth2/v3/token [omitted]
[debug] [2023-06-28T15:21:09.665Z] >>> [apiv2][query] GET https://firebase.googleapis.com/v1beta1/projects/react-app-f1e7f [none]
[debug] [2023-06-28T15:21:10.031Z] <<< [apiv2][status] GET https://firebase.googleapis.com/v1beta1/projects/react-app-f1e7f 401
[debug] [2023-06-28T15:21:10.031Z] <<< [apiv2][body] GET https://firebase.googleapis.com/v1beta1/projects/react-app-f1e7f {"error":{"code":401,"message":"Request had invalid authentication credentials. Expected OAuth 2 access token, login cookie or other valid authentication credential. See https://developers.google.com/identity/sign-in/web/devconsole-project.","status":"UNAUTHENTICATED"}}
[debug] [2023-06-28T15:21:10.032Z] HTTP Error: 401, Request had invalid authentication credentials. Expected OAuth 2 access token, login cookie or other valid authentication credential. See https://developers.google.com/identity/sign-in/web/devconsole-project.
[debug] [2023-06-28T15:21:10.373Z] FirebaseError: HTTP Error: 401, Request had invalid authentication credentials. Expected OAuth 2 access token, login cookie or other valid authentication credential. See https://developers.google.com/identity/sign-in/web/devconsole-project.
    at responseToError (C:\Users\jeja8\AppData\Roaming\npm\node_modules\firebase-tools\lib\responseToError.js:49:12)
    at RetryOperation._fn (C:\Users\jeja8\AppData\Roaming\npm\node_modules\firebase-tools\lib\apiv2.js:288:77)
    at processTicksAndRejections (node:internal/process/task_queues:96:5)
[error] 
[error] Error: Failed to get Firebase project react-app-f1e7f. Please make sure the project exists and your account has permission to access it.
